e:\code\c++\settlers of c++\settlersofc++\settlersofc++\x64\debug\vc142.pdb
e:\code\c++\settlers of c++\settlersofc++\settlersofc++\x64\debug\vc142.idb
e:\code\c++\settlers of c++\settlersofc++\settlersofc++\x64\debug\tile.obj
e:\code\c++\settlers of c++\settlersofc++\settlersofc++\x64\debug\road.obj
e:\code\c++\settlers of c++\settlersofc++\settlersofc++\x64\debug\player.obj
e:\code\c++\settlers of c++\settlersofc++\settlersofc++\x64\debug\main.obj
e:\code\c++\settlers of c++\settlersofc++\settlersofc++\x64\debug\gamecontrol.obj
e:\code\c++\settlers of c++\settlersofc++\settlersofc++\x64\debug\display.obj
e:\code\c++\settlers of c++\settlersofc++\settlersofc++\x64\debug\button.obj
e:\code\c++\settlers of c++\settlersofc++\settlersofc++\x64\debug\improvement.obj
e:\code\c++\settlers of c++\settlersofc++\settlersofc++\x64\debug\hexloc.obj
e:\code\c++\settlers of c++\settlersofc++\settlersofc++\x64\debug\board.obj
e:\code\c++\settlers of c++\settlersofc++\x64\debug\settlersofc++.ilk
e:\code\c++\settlers of c++\settlersofc++\x64\debug\settlersofc++.exe
e:\code\c++\settlers of c++\settlersofc++\x64\debug\settlersofc++.pdb
e:\code\c++\settlers of c++\settlersofc++\settlersofc++\x64\debug\settlersofc++.tlog\cl.command.1.tlog
e:\code\c++\settlers of c++\settlersofc++\settlersofc++\x64\debug\settlersofc++.tlog\cl.read.1.tlog
e:\code\c++\settlers of c++\settlersofc++\settlersofc++\x64\debug\settlersofc++.tlog\cl.write.1.tlog
e:\code\c++\settlers of c++\settlersofc++\settlersofc++\x64\debug\settlersofc++.tlog\link.command.1.tlog
e:\code\c++\settlers of c++\settlersofc++\settlersofc++\x64\debug\settlersofc++.tlog\link.read.1.tlog
e:\code\c++\settlers of c++\settlersofc++\settlersofc++\x64\debug\settlersofc++.tlog\link.write.1.tlog
